This is pdfTeX, Version 3.14159265-2.6-1.40.15 (TeX Live 2015/dev/Debian) (preloaded format=pdflatex 2015.12.2)  2 AUG 2017 14:34
entering extended mode
 restricted \write18 enabled.
 %&-line parsing enabled.
**template.tex
(./template.tex
LaTeX2e <2014/05/01>
Babel <3.9l> and hyphenation patterns for 4 languages loaded.

LaTeX Warning: File `example.eps' already exists on the system.
               Not generating it from this source.

(/usr/share/texlive/texmf-dist/tex/latex/base/fix-cm.sty
Package: fix-cm 2014/09/29 v1.1s fixes to LaTeX

(/usr/share/texlive/texmf-dist/tex/latex/base/ts1enc.def
File: ts1enc.def 2001/06/05 v3.0e (jk/car/fm) Standard LaTeX file
)) (./svjour3.cls
Document Class: svjour3 2010/11/25 v3.3 
LaTeX document class for Springer journals
Class Springer-SVJour3 Info: extra/valid Springer sub-package (-> *.clo) 
(Springer-SVJour3)           not found in option list of \documentclass
(Springer-SVJour3)           - autoactivating "global" style.
(./svglov3.clo
File: svglov3.clo 2009/12/18 v3.2 style option for standardised journals

SVJour Class option: svglov3.clo for standardised journals
)
LaTeX Font Info:    Redeclaring math symbol \Gamma on input line 147.
LaTeX Font Info:    Redeclaring math symbol \Delta on input line 148.
LaTeX Font Info:    Redeclaring math symbol \Theta on input line 149.
LaTeX Font Info:    Redeclaring math symbol \Lambda on input line 150.
LaTeX Font Info:    Redeclaring math symbol \Xi on input line 151.
LaTeX Font Info:    Redeclaring math symbol \Pi on input line 152.
LaTeX Font Info:    Redeclaring math symbol \Sigma on input line 153.
LaTeX Font Info:    Redeclaring math symbol \Upsilon on input line 154.
LaTeX Font Info:    Redeclaring math symbol \Phi on input line 155.
LaTeX Font Info:    Redeclaring math symbol \Psi on input line 156.
LaTeX Font Info:    Redeclaring math symbol \Omega on input line 157.
\logodepth=\dimen102
\headerboxheight=\dimen103
\betweenumberspace=\dimen104
\aftertext=\dimen105
\headlineindent=\dimen106
\c@inst=\count79
\c@auth=\count80
\instindent=\dimen107
\authrun=\box26
\authorrunning=\toks14
\titrun=\box27
\titlerunning=\toks15
\combirun=\box28
\c@lastpage=\count81
\rubricwidth=\dimen108
\c@section=\count82
\c@subsection=\count83
\c@subsubsection=\count84
\c@paragraph=\count85
\c@subparagraph=\count86
\spthmsep=\dimen109
\c@theorem=\count87
\c@case=\count88
\c@conjecture=\count89
\c@corollary=\count90
\c@definition=\count91
\c@example=\count92
\c@exercise=\count93
\c@lemma=\count94
\c@note=\count95
\c@problem=\count96
\c@property=\count97
\c@proposition=\count98
\c@question=\count99
\c@solution=\count100
\c@remark=\count101
\c@figure=\count102
\c@table=\count103
\abovecaptionskip=\skip41
\belowcaptionskip=\skip42
\figcapgap=\dimen110
\tabcapgap=\dimen111
\figgap=\dimen112
\bibindent=\dimen113
\@tempcntc=\count104
) (/home/sumanta/texmf/tex/latex/graphics/graphicx.sty
Package: graphicx 2014/10/28 v1.0g Enhanced LaTeX Graphics (DPC,SPQR)

(/home/sumanta/texmf/tex/latex/graphics/keyval.sty
Package: keyval 2014/10/28 v1.15 key=value parser (DPC)
\KV@toks@=\toks16
)
(/home/sumanta/texmf/tex/latex/graphics/graphics.sty
Package: graphics 2014/10/28 v1.0p Standard LaTeX Graphics (DPC,SPQR)

(/home/sumanta/texmf/tex/latex/graphics/trig.sty
Package: trig 1999/03/16 v1.09 sin cos tan (DPC)
)
(/usr/share/texlive/texmf-dist/tex/latex/latexconfig/graphics.cfg
File: graphics.cfg 2010/04/23 v1.9 graphics configuration of TeX Live
)
Package graphics Info: Driver file: pdftex.def on input line 94.

(/usr/share/texlive/texmf-dist/tex/latex/pdftex-def/pdftex.def
File: pdftex.def 2011/05/27 v0.06d Graphics/color for pdfTeX

(/usr/share/texlive/texmf-dist/tex/generic/oberdiek/infwarerr.sty
Package: infwarerr 2010/04/08 v1.3 Providing info/warning/error messages (HO)
)
(/usr/share/texlive/texmf-dist/tex/generic/oberdiek/ltxcmds.sty
Package: ltxcmds 2011/11/09 v1.22 LaTeX kernel commands for general use (HO)
)
\Gread@gobject=\count105
))
\Gin@req@height=\dimen114
\Gin@req@width=\dimen115
)
(/usr/share/texlive/texmf-dist/tex/latex/amsfonts/amssymb.sty
Package: amssymb 2013/01/14 v3.01 AMS font symbols

(/usr/share/texlive/texmf-dist/tex/latex/amsfonts/amsfonts.sty
Package: amsfonts 2013/01/14 v3.01 Basic AMSFonts support
\@emptytoks=\toks17
\symAMSa=\mathgroup4
\symAMSb=\mathgroup5
LaTeX Font Info:    Overwriting math alphabet `\mathfrak' in version `bold'
(Font)                  U/euf/m/n --> U/euf/b/n on input line 106.
))
(/usr/share/texlive/texmf-dist/tex/latex/amsmath/amsmath.sty
Package: amsmath 2013/01/14 v2.14 AMS math features
\@mathmargin=\skip43

For additional information on amsmath, use the `?' option.
(/usr/share/texlive/texmf-dist/tex/latex/amsmath/amstext.sty
Package: amstext 2000/06/29 v2.01

(/usr/share/texlive/texmf-dist/tex/latex/amsmath/amsgen.sty
File: amsgen.sty 1999/11/30 v2.0
\@emptytoks=\toks18
\ex@=\dimen116
))
(/usr/share/texlive/texmf-dist/tex/latex/amsmath/amsbsy.sty
Package: amsbsy 1999/11/29 v1.2d
\pmbraise@=\dimen117
)
(/usr/share/texlive/texmf-dist/tex/latex/amsmath/amsopn.sty
Package: amsopn 1999/12/14 v2.01 operator names
)
\inf@bad=\count106
LaTeX Info: Redefining \frac on input line 210.
\uproot@=\count107
\leftroot@=\count108
LaTeX Info: Redefining \overline on input line 306.
\classnum@=\count109
\DOTSCASE@=\count110
LaTeX Info: Redefining \ldots on input line 378.
LaTeX Info: Redefining \dots on input line 381.
LaTeX Info: Redefining \cdots on input line 466.
\Mathstrutbox@=\box29
\strutbox@=\box30
\big@size=\dimen118
LaTeX Font Info:    Redeclaring font encoding OML on input line 566.
LaTeX Font Info:    Redeclaring font encoding OMS on input line 567.


Package amsmath Warning: Unable to redefine math accent \vec.

\macc@depth=\count111
\c@MaxMatrixCols=\count112
\dotsspace@=\muskip10
\c@parentequation=\count113
\dspbrk@lvl=\count114
\tag@help=\toks19
\row@=\count115
\column@=\count116
\maxfields@=\count117
\andhelp@=\toks20
\eqnshift@=\dimen119
\alignsep@=\dimen120
\tagshift@=\dimen121
\tagwidth@=\dimen122
\totwidth@=\dimen123
\lineht@=\dimen124
\@envbody=\toks21
\multlinegap=\skip44
\multlinetaggap=\skip45
\mathdisplay@stack=\toks22
LaTeX Info: Redefining \[ on input line 2665.
LaTeX Info: Redefining \] on input line 2666.
) (/usr/share/texlive/texmf-dist/tex/latex/base/fixltx2e.sty
Package: fixltx2e 2014/09/29 v1.1s fixes to LaTeX
LaTeX Info: Redefining \em on input line 430.
LaTeX Info: The control sequence `\[' is already robust on input line 481.
LaTeX Info: The control sequence `\]' is already robust on input line 482.
)
(/usr/share/texlive/texmf-dist/tex/latex/algorithm2e/algorithm2e.sty
Package: algorithm2e 2013/01/06 v5.00 algorithms environments
\c@AlgoLine=\count118

(/usr/share/texlive/texmf-dist/tex/latex/base/ifthen.sty
Package: ifthen 2014/09/29 v1.1c Standard LaTeX ifthen package (DPC)
)
(/usr/share/texlive/texmf-dist/tex/latex/tools/xspace.sty
Package: xspace 2014/10/28 v1.13 Space after command names (DPC,MH)
)
(/usr/share/texlive/texmf-dist/tex/latex/relsize/relsize.sty
Package: relsize 2013/03/29 ver 4.1
)
********************************************************
Package `algorithm2e' Release 5.0 -- january 06 2013 --
- algorithm2e-announce@lirmm.fr mailing list for announcement about releases
- algorithm2e-discussion@lirmm.fr mailing list for discussion about package
subscribe by emailing sympa@lirmm.fr with 'subscribe <list> <firstname name>'
- Author: Christophe Fiorio (cfiorio@um2.fr)
********************************************************
\skiptotal=\skip46
\skiplinenumber=\skip47
\skiprule=\skip48
\skiphlne=\skip49
\skiptext=\skip50
\skiplength=\skip51
\algomargin=\skip52
\skipalgocfslide=\skip53
\algowidth=\dimen125
\inoutsize=\dimen126
\inoutindent=\dimen127
\interspacetitleruled=\dimen128
\interspacealgoruled=\dimen129
\interspacetitleboxruled=\dimen130
\algocf@inoutbox=\box31
\algocf@inputbox=\box32
\AlCapSkip=\skip54
\AlCapHSkip=\skip55
\algoskipindent=\skip56
\algocf@nlbox=\box33
\algocf@hangingbox=\box34
\algocf@untilbox=\box35
\algocf@skipuntil=\skip57
\algocf@capbox=\box36
\algoheightruledefault=\skip58
\algoheightrule=\skip59
\algotitleheightruledefault=\skip60
\algotitleheightrule=\skip61
\c@algocfline=\count119
\c@algocfproc=\count120
\c@algocf=\count121
\algocf@algoframe=\box37
\algocf@algobox=\box38
) (./template.aux

LaTeX Warning: Label `tab:iter' multiply defined.


LaTeX Warning: Label `tab:iter' multiply defined.

)
\openout1 = `template.aux'.

LaTeX Font Info:    Checking defaults for OML/cmm/m/it on input line 66.
LaTeX Font Info:    ... okay on input line 66.
LaTeX Font Info:    Checking defaults for T1/cmr/m/n on input line 66.
LaTeX Font Info:    ... okay on input line 66.
LaTeX Font Info:    Checking defaults for OT1/cmr/m/n on input line 66.
LaTeX Font Info:    ... okay on input line 66.
LaTeX Font Info:    Checking defaults for OMS/cmsy/m/n on input line 66.
LaTeX Font Info:    ... okay on input line 66.
LaTeX Font Info:    Checking defaults for OMX/cmex/m/n on input line 66.
LaTeX Font Info:    ... okay on input line 66.
LaTeX Font Info:    Checking defaults for U/cmr/m/n on input line 66.
LaTeX Font Info:    ... okay on input line 66.
LaTeX Font Info:    Checking defaults for TS1/cmr/m/n on input line 66.
LaTeX Font Info:    ... okay on input line 66.

Unknown journal: specify \journalname{<name of your journal>} in preambel

(/usr/share/texlive/texmf-dist/tex/context/base/supp-pdf.mkii
[Loading MPS to PDF converter (version 2006.09.02).]
\scratchcounter=\count122
\scratchdimen=\dimen131
\scratchbox=\box39
\nofMPsegments=\count123
\nofMParguments=\count124
\everyMPshowfont=\toks23
\MPscratchCnt=\count125
\MPscratchDim=\dimen132
\MPnumerator=\count126
\makeMPintoPDFobject=\count127
\everyMPtoPDFconversion=\toks24
) (/usr/share/texlive/texmf-dist/tex/generic/oberdiek/pdftexcmds.sty
Package: pdftexcmds 2011/11/29 v0.20 Utility functions of pdfTeX for LuaTeX (HO
)

(/usr/share/texlive/texmf-dist/tex/generic/oberdiek/ifluatex.sty
Package: ifluatex 2010/03/01 v1.3 Provides the ifluatex switch (HO)
Package ifluatex Info: LuaTeX not detected.
)
(/usr/share/texlive/texmf-dist/tex/generic/oberdiek/ifpdf.sty
Package: ifpdf 2011/01/30 v2.3 Provides the ifpdf switch (HO)
Package ifpdf Info: pdfTeX in PDF mode is detected.
)
Package pdftexcmds Info: LuaTeX not detected.
Package pdftexcmds Info: \pdf@primitive is available.
Package pdftexcmds Info: \pdf@ifprimitive is available.
Package pdftexcmds Info: \pdfdraftmode found.
)
(/usr/share/texlive/texmf-dist/tex/latex/oberdiek/epstopdf-base.sty
Package: epstopdf-base 2010/02/09 v2.5 Base part for package epstopdf

(/usr/share/texlive/texmf-dist/tex/latex/oberdiek/grfext.sty
Package: grfext 2010/08/19 v1.1 Manage graphics extensions (HO)

(/usr/share/texlive/texmf-dist/tex/generic/oberdiek/kvdefinekeys.sty
Package: kvdefinekeys 2011/04/07 v1.3 Define keys (HO)
))
(/usr/share/texlive/texmf-dist/tex/latex/oberdiek/kvoptions.sty
Package: kvoptions 2011/06/30 v3.11 Key value format for package options (HO)

(/usr/share/texlive/texmf-dist/tex/generic/oberdiek/kvsetkeys.sty
Package: kvsetkeys 2012/04/25 v1.16 Key value parser (HO)

(/usr/share/texlive/texmf-dist/tex/generic/oberdiek/etexcmds.sty
Package: etexcmds 2011/02/16 v1.5 Avoid name clashes with e-TeX commands (HO)
Package etexcmds Info: Could not find \expanded.
(etexcmds)             That can mean that you are not using pdfTeX 1.50 or
(etexcmds)             that some package has redefined \expanded.
(etexcmds)             In the latter case, load this package earlier.
)))
Package grfext Info: Graphics extension search list:
(grfext)             [.png,.pdf,.jpg,.mps,.jpeg,.jbig2,.jb2,.PNG,.PDF,.JPG,.JPE
G,.JBIG2,.JB2,.eps]
(grfext)             \AppendGraphicsExtensions on input line 452.

(/usr/share/texlive/texmf-dist/tex/latex/latexconfig/epstopdf-sys.cfg
File: epstopdf-sys.cfg 2010/07/13 v1.3 Configuration of (r)epstopdf for TeX Liv
e
))
SVJour3 warning: Missing \journalname
SVJour3 warning: Missing \date
LaTeX Font Info:    Try loading font information for U+msa on input line 95.
(/usr/share/texlive/texmf-dist/tex/latex/amsfonts/umsa.fd
File: umsa.fd 2013/01/14 v3.01 AMS symbols A
)
LaTeX Font Info:    Try loading font information for U+msb on input line 95.

(/usr/share/texlive/texmf-dist/tex/latex/amsfonts/umsb.fd
File: umsb.fd 2013/01/14 v3.01 AMS symbols B
)

SVJour3 Warning: Title too long for running head.
Please supply a shorter form with \titlerunning prior to \maketitle
[1{/var/lib/texmf/fonts/map/pdftex/updmap/pdftex.map}] [2]
Overfull \hbox (16.58295pt too wide) in paragraph at lines 160--161
\OT1/cmr/m/n/10 We took the ba-sic im-ple-men-ta-tion of LDA al-go-rithm (cc.ma
llet.topics.SimpleLDA)
 []

[3] [4] [5] [6]
Underfull \vbox (badness 5431) has occurred while \output is active []

 [7]

Package amsmath Warning: Foreign command \atopwithdelims;
(amsmath)                \frac or \genfrac should be used instead
(amsmath)                 on input line 274.

[8]
Overfull \hbox (11.77997pt too wide) in paragraph at lines 304--329
[][] 
 []


Underfull \hbox (badness 5652) in paragraph at lines 360--361
[]\OT1/cmr/m/n/8 Each boolean value in this ar-ray rep-
 []


Underfull \hbox (badness 4416) in paragraph at lines 360--361
\OT1/cmr/m/n/8 re-sents one vari-able. Cur-rently it is of
 []


Underfull \hbox (badness 6461) in paragraph at lines 360--361
\OT1/cmr/m/n/8 size four and from 0 to 3 it rep-re-
 []


Underfull \hbox (badness 4846) in paragraph at lines 360--361
\OT1/cmr/m/n/8 sents $\OML/cmm/m/it/8 k; iterations; Sumand^^LSum$ \OT1/cmr/m/
n/8 re-spec-
 []


Overfull \hbox (31.85425pt too wide) in paragraph at lines 342--363
[][] 
 []


Underfull \hbox (badness 6927) in paragraph at lines 379--380
[]\OT1/cmr/m/n/8 Based on the $\OML/cmm/m/it/8 model$ \OT1/cmr/m/n/8 pa-ram-e-t
er passed
 []


Underfull \hbox (badness 1931) in paragraph at lines 383--384
\OT1/cmr/m/n/8 graphs gen-er-ated by some al-go-rithm and
 []


Underfull \hbox (badness 4872) in paragraph at lines 383--384
\OT1/cmr/m/n/8 as-signs them to sec-tion in-stances us-ing
 []


Overfull \hbox (0.78339pt too wide) in paragraph at lines 365--389
\OT1/cmr/m/n/10 method of $\OML/cmm/m/it/10 SingleRun$ \OT1/cmr/m/n/10 is calle
d from $\OML/cmm/m/it/10 RunExperiment$\OT1/cmr/m/n/10 . Some im-por-tant metho
d
 []

[9]
Overfull \hbox (64.87132pt too wide) in paragraph at lines 510--511
\OT1/cmr/m/n/10 page. Cur-rently it cal-cu-lates two mea-sures, ad-justed RAND 
in-dex ($\OML/cmm/m/it/10 calculateRANDPerPage$\OT1/cmr/m/n/10 )
 []

[10] [11] [12]
Overfull \hbox (12.3832pt too wide) in paragraph at lines 513--514
\OT1/cmr/m/n/10 is rec-og-nized by the mal-let API. For each ar-ti-cle in the c
or-pus, $\OML/cmm/m/it/10 modelAndAssign\OT1/cmr/m/n/10 ()$
 []

<fig/rand_k0iter_lda.pdf, id=64, 654.40242pt x 267.24393pt>
File: fig/rand_k0iter_lda.pdf Graphic file (type pdf)

<use fig/rand_k0iter_lda.pdf>
Package pdftex.def Info: fig/rand_k0iter_lda.pdf used on input line 522.
(pdftex.def)             Requested size: 136.88814pt x 55.90268pt.

<fig/purity_k0iter_lda.pdf, id=65, 551.95651pt x 273.2717pt>
File: fig/purity_k0iter_lda.pdf Graphic file (type pdf)

<use fig/purity_k0iter_lda.pdf>
Package pdftex.def Info: fig/purity_k0iter_lda.pdf used on input line 527.
(pdftex.def)             Requested size: 136.88814pt x 67.7715pt.

<fig/numq_k0iter_lda.pdf, id=66, 482.58896pt x 258.22145pt>
File: fig/numq_k0iter_lda.pdf Graphic file (type pdf)

<use fig/numq_k0iter_lda.pdf>
Package pdftex.def Info: fig/numq_k0iter_lda.pdf used on input line 535.
(pdftex.def)             Requested size: 136.88814pt x 73.2432pt.

<fig/map_rprec_k0iter_lda.pdf, id=67, 554.07pt x 243.15843pt>
File: fig/map_rprec_k0iter_lda.pdf Graphic file (type pdf)

<use fig/map_rprec_k0iter_lda.pdf>
Package pdftex.def Info: fig/map_rprec_k0iter_lda.pdf used on input line 540.
(pdftex.def)             Requested size: 136.88814pt x 60.07336pt.

Underfull \vbox (badness 6961) has occurred while \output is active []

 [13]
Overfull \hbox (81.6744pt too wide) in paragraph at lines 551--560
[][] 
 []

<fig/rand_k0iter_umm.pdf, id=72, 454.83286pt x 270.25142pt>
File: fig/rand_k0iter_umm.pdf Graphic file (type pdf)

<use fig/rand_k0iter_umm.pdf>
Package pdftex.def Info: fig/rand_k0iter_umm.pdf used on input line 566.
(pdftex.def)             Requested size: 136.88814pt x 81.33583pt.

<fig/purity_k0iter_umm.pdf, id=73, 436.03543pt x 267.24393pt>
File: fig/purity_k0iter_umm.pdf Graphic file (type pdf)

<use fig/purity_k0iter_umm.pdf>
Package pdftex.def Info: fig/purity_k0iter_umm.pdf used on input line 572.
(pdftex.def)             Requested size: 136.88814pt x 83.89684pt.

<fig/num_rel_k0iter_umm.pdf, id=74, 457.72205pt x 268.75406pt>
File: fig/num_rel_k0iter_umm.pdf Graphic file (type pdf)

<use fig/num_rel_k0iter_umm.pdf>
Package pdftex.def Info: fig/num_rel_k0iter_umm.pdf used on input line 580.
(pdftex.def)             Requested size: 136.88814pt x 80.37257pt.

<fig/rprec_k0iter_umm.pdf, id=75, 459.98651pt x 271.76155pt>
File: fig/rprec_k0iter_umm.pdf Graphic file (type pdf)

<use fig/rprec_k0iter_umm.pdf>
Package pdftex.def Info: fig/rprec_k0iter_umm.pdf used on input line 585.
(pdftex.def)             Requested size: 136.88814pt x 80.8739pt.

<fig/map_k0iter_umm.pdf, id=76, 445.68427pt x 273.2589pt>
File: fig/map_k0iter_umm.pdf Graphic file (type pdf)

<use fig/map_k0iter_umm.pdf>
Package pdftex.def Info: fig/map_k0iter_umm.pdf used on input line 593.
(pdftex.def)             Requested size: 136.88814pt x 83.92966pt.
 [14 <./fig/rand_k0iter_lda.pdf> <./fig/purity_k0iter_lda.pdf

pdfTeX warning: /usr/bin/pdflatex (file ./fig/purity_k0iter_lda.pdf): PDF inclu
sion: multiple pdfs with page group included in a single page
> <./fig/numq_k0iter_lda.pdf

pdfTeX warning: /usr/bin/pdflatex (file ./fig/numq_k0iter_lda.pdf): PDF inclusi
on: multiple pdfs with page group included in a single page
> <./fig/map_rprec_k0iter_lda.pdf

pdfTeX warning: /usr/bin/pdflatex (file ./fig/map_rprec_k0iter_lda.pdf): PDF in
clusion: multiple pdfs with page group included in a single page
>] <fig/alphaSum_rand_lda.pdf, id=109, 497.02408pt x 259.71881pt>
File: fig/alphaSum_rand_lda.pdf Graphic file (type pdf)

<use fig/alphaSum_rand_lda.pdf>
Package pdftex.def Info: fig/alphaSum_rand_lda.pdf used on input line 605.
(pdftex.def)             Requested size: 136.88814pt x 71.5279pt.

Underfull \hbox (badness 1024) in paragraph at lines 606--606
[]\OT1/cmr/bx/n/8 Fig. 10|\OT1/cmr/m/n/8 Learning op-ti-mum $\OML/cmm/m/it/8 S
um$ \OT1/cmr/m/n/8 of
 []

<fig/alphaSum_purity_lda.pdf, id=110, 431.38766pt x 262.72629pt>
File: fig/alphaSum_purity_lda.pdf Graphic file (type pdf)

<use fig/alphaSum_purity_lda.pdf>
Package pdftex.def Info: fig/alphaSum_purity_lda.pdf used on input line 610.
(pdftex.def)             Requested size: 136.88814pt x 83.36856pt.

Underfull \hbox (badness 1024) in paragraph at lines 611--611
[]\OT1/cmr/bx/n/8 Fig. 11|\OT1/cmr/m/n/8 Learning op-ti-mum $\OML/cmm/m/it/8 S
um$ \OT1/cmr/m/n/8 of
 []

[15 <./fig/rand_k0iter_umm.pdf> <./fig/purity_k0iter_umm.pdf

pdfTeX warning: /usr/bin/pdflatex (file ./fig/purity_k0iter_umm.pdf): PDF inclu
sion: multiple pdfs with page group included in a single page
> <./fig/num_rel_k0iter_umm.pdf

pdfTeX warning: /usr/bin/pdflatex (file ./fig/num_rel_k0iter_umm.pdf): PDF incl
usion: multiple pdfs with page group included in a single page
> <./fig/rprec_k0iter_umm.pdf

pdfTeX warning: /usr/bin/pdflatex (file ./fig/rprec_k0iter_umm.pdf): PDF inclus
ion: multiple pdfs with page group included in a single page
> <./fig/map_k0iter_umm.pdf

pdfTeX warning: /usr/bin/pdflatex (file ./fig/map_k0iter_umm.pdf): PDF inclusio
n: multiple pdfs with page group included in a single page
>] <fig/betaSum_rand_lda.pdf, id=150, 414.10272pt x 248.42813pt>
File: fig/betaSum_rand_lda.pdf Graphic file (type pdf)

<use fig/betaSum_rand_lda.pdf>
Package pdftex.def Info: fig/betaSum_rand_lda.pdf used on input line 618.
(pdftex.def)             Requested size: 136.88814pt x 82.12178pt.

Underfull \hbox (badness 1092) in paragraph at lines 619--619
[]\OT1/cmr/bx/n/8 Fig. 12|\OT1/cmr/m/n/8 Learning op-ti-mum $\OML/cmm/m/it/8 ^^
LSum$ \OT1/cmr/m/n/8 of
 []

<fig/betaSum_purity_lda.pdf, id=151, 431.48927pt x 249.93375pt>
File: fig/betaSum_purity_lda.pdf Graphic file (type pdf)

<use fig/betaSum_purity_lda.pdf>
Package pdftex.def Info: fig/betaSum_purity_lda.pdf used on input line 623.
(pdftex.def)             Requested size: 136.88814pt x 79.29015pt.

Underfull \hbox (badness 1092) in paragraph at lines 624--624
[]\OT1/cmr/bx/n/8 Fig. 13|\OT1/cmr/m/n/8 Learning op-ti-mum $\OML/cmm/m/it/8 ^^
LSum$ \OT1/cmr/m/n/8 of
 []

<fig/betaSum_rand_umm1.pdf, id=152, 459.35934pt x 275.52411pt>
File: fig/betaSum_rand_umm1.pdf Graphic file (type pdf)

<use fig/betaSum_rand_umm1.pdf>
Package pdftex.def Info: fig/betaSum_rand_umm1.pdf used on input line 634.
(pdftex.def)             Requested size: 136.88814pt x 82.10712pt.

Underfull \hbox (badness 1092) in paragraph at lines 635--635
[]\OT1/cmr/bx/n/8 Fig. 14|\OT1/cmr/m/n/8 Learning op-ti-mum $\OML/cmm/m/it/8 ^^
LSum$ \OT1/cmr/m/n/8 of
 []

<fig/betaSum_purity_umm1.pdf, id=153, 423.9061pt x 275.52411pt>
File: fig/betaSum_purity_umm1.pdf Graphic file (type pdf)

<use fig/betaSum_purity_umm1.pdf>
Package pdftex.def Info: fig/betaSum_purity_umm1.pdf used on input line 639.
(pdftex.def)             Requested size: 136.88814pt x 88.9725pt.

Underfull \hbox (badness 1092) in paragraph at lines 640--640
[]\OT1/cmr/bx/n/8 Fig. 15|\OT1/cmr/m/n/8 Learning op-ti-mum $\OML/cmm/m/it/8 ^^
LSum$ \OT1/cmr/m/n/8 of
 []

<fig/betaSum_rand_umm2.pdf, id=154, 390.7185pt x 217.5628pt>
File: fig/betaSum_rand_umm2.pdf Graphic file (type pdf)

<use fig/betaSum_rand_umm2.pdf>
Package pdftex.def Info: fig/betaSum_rand_umm2.pdf used on input line 647.
(pdftex.def)             Requested size: 136.88814pt x 76.22447pt.

Underfull \hbox (badness 1092) in paragraph at lines 648--648
[]\OT1/cmr/bx/n/8 Fig. 16|\OT1/cmr/m/n/8 Learning op-ti-mum $\OML/cmm/m/it/8 ^^
LSum$ \OT1/cmr/m/n/8 of
 []


Underfull \hbox (badness 1168) in paragraph at lines 648--648
\OT1/cmr/m/n/8 UMM for RAND with 100 it-er-a-tions
 []

<fig/betaSum_purity_umm2.pdf, id=155, 379.6046pt x 218.31787pt>
File: fig/betaSum_purity_umm2.pdf Graphic file (type pdf)

<use fig/betaSum_purity_umm2.pdf>
Package pdftex.def Info: fig/betaSum_purity_umm2.pdf used on input line 652.
(pdftex.def)             Requested size: 136.88814pt x 78.72762pt.

Underfull \hbox (badness 1092) in paragraph at lines 653--653
[]\OT1/cmr/bx/n/8 Fig. 17|\OT1/cmr/m/n/8 Learning op-ti-mum $\OML/cmm/m/it/8 ^^
LSum$ \OT1/cmr/m/n/8 of
 []


Underfull \hbox (badness 1590) in paragraph at lines 653--653
\OT1/cmr/m/n/8 UMM for Pu-rity with 100 it-er-a-tions
 []


Underfull \vbox (badness 1112) has occurred while \output is active []

 [16 <./fig/alphaSum_rand_lda.pdf> <./fig/alphaSum_purity_lda.pdf

pdfTeX warning: /usr/bin/pdflatex (file ./fig/alphaSum_purity_lda.pdf): PDF inc
lusion: multiple pdfs with page group included in a single page
> <./fig/betaSum_rand_lda.pdf

pdfTeX warning: /usr/bin/pdflatex (file ./fig/betaSum_rand_lda.pdf): PDF inclus
ion: multiple pdfs with page group included in a single page
> <./fig/betaSum_purity_lda.pdf

pdfTeX warning: /usr/bin/pdflatex (file ./fig/betaSum_purity_lda.pdf): PDF incl
usion: multiple pdfs with page group included in a single page
> <./fig/betaSum_rand_umm1.pdf

pdfTeX warning: /usr/bin/pdflatex (file ./fig/betaSum_rand_umm1.pdf): PDF inclu
sion: multiple pdfs with page group included in a single page
> <./fig/betaSum_purity_umm1.pdf

pdfTeX warning: /usr/bin/pdflatex (file ./fig/betaSum_purity_umm1.pdf): PDF inc
lusion: multiple pdfs with page group included in a single page
>] <fig/rand_comp.pdf, id=231, 516.44144pt x 288.3272pt>
File: fig/rand_comp.pdf Graphic file (type pdf)

<use fig/rand_comp.pdf>
Package pdftex.def Info: fig/rand_comp.pdf used on input line 664.
(pdftex.def)             Requested size: 136.88814pt x 76.42393pt.

<fig/purity_comp.pdf, id=232, 517.21233pt x 303.38493pt>
File: fig/purity_comp.pdf Graphic file (type pdf)

<use fig/purity_comp.pdf>
Package pdftex.def Info: fig/purity_comp.pdf used on input line 669.
(pdftex.def)             Requested size: 136.88814pt x 80.29477pt.

<fig/rand_k0_comp.pdf, id=233, 317.69891pt x 213.78821pt>
File: fig/rand_k0_comp.pdf Graphic file (type pdf)

<use fig/rand_k0_comp.pdf>
Package pdftex.def Info: fig/rand_k0_comp.pdf used on input line 678.
(pdftex.def)             Requested size: 136.88814pt x 92.11633pt.

<fig/purity_k0_comp.pdf, id=234, 329.74391pt x 213.05647pt>
File: fig/purity_k0_comp.pdf Graphic file (type pdf)

<use fig/purity_k0_comp.pdf>
Package pdftex.def Info: fig/purity_k0_comp.pdf used on input line 683.
(pdftex.def)             Requested size: 136.88814pt x 88.4493pt.

<fig/map_comp.pdf, id=235, 501.38036pt x 289.83432pt>
File: fig/map_comp.pdf Graphic file (type pdf)
 <use fig/map_comp.pdf>
Package pdftex.def Info: fig/map_comp.pdf used on input line 693.
(pdftex.def)             Requested size: 136.88814pt x 79.12753pt.

<fig/map_k0_comp.pdf, id=236, 255.9707pt x 170.14165pt>
File: fig/map_k0_comp.pdf Graphic file (type pdf)

<use fig/map_k0_comp.pdf>
Package pdftex.def Info: fig/map_k0_comp.pdf used on input line 698.
(pdftex.def)             Requested size: 136.88814pt x 90.98723pt.

<fig/rprec_comp.pdf, id=237, 502.85948pt x 293.60138pt>
File: fig/rprec_comp.pdf Graphic file (type pdf)

<use fig/rprec_comp.pdf>
Package pdftex.def Info: fig/rprec_comp.pdf used on input line 707.
(pdftex.def)             Requested size: 136.88814pt x 79.92302pt.

<fig/rprec_k0_comp.pdf, id=238, 255.98035pt x 170.12808pt>
File: fig/rprec_k0_comp.pdf Graphic file (type pdf)

<use fig/rprec_k0_comp.pdf>
Package pdftex.def Info: fig/rprec_k0_comp.pdf used on input line 712.
(pdftex.def)             Requested size: 136.88814pt x 90.97997pt.

<fig/bpref_comp.pdf, id=239, 502.8932pt x 273.27245pt>
File: fig/bpref_comp.pdf Graphic file (type pdf)

<use fig/bpref_comp.pdf>
Package pdftex.def Info: fig/bpref_comp.pdf used on input line 721.
(pdftex.def)             Requested size: 136.88814pt x 74.385pt.

<fig/bpref_k0_comp.pdf, id=240, 255.98035pt x 170.14165pt>
File: fig/bpref_k0_comp.pdf Graphic file (type pdf)

<use fig/bpref_k0_comp.pdf>
Package pdftex.def Info: fig/bpref_k0_comp.pdf used on input line 726.
(pdftex.def)             Requested size: 136.88814pt x 90.98723pt.
 [17 <./fig/betaSum_rand_umm2.pdf> <./fig/betaSum_purity_umm2.pdf

pdfTeX warning: /usr/bin/pdflatex (file ./fig/betaSum_purity_umm2.pdf): PDF inc
lusion: multiple pdfs with page group included in a single page
> <./fig/rand_comp.pdf

pdfTeX warning: /usr/bin/pdflatex (file ./fig/rand_comp.pdf): PDF inclusion: mu
ltiple pdfs with page group included in a single page
> <./fig/purity_comp.pdf

pdfTeX warning: /usr/bin/pdflatex (file ./fig/purity_comp.pdf): PDF inclusion: 
multiple pdfs with page group included in a single page
> <./fig/rand_k0_comp.pdf

pdfTeX warning: /usr/bin/pdflatex (file ./fig/rand_k0_comp.pdf): PDF inclusion:
 multiple pdfs with page group included in a single page
> <./fig/purity_k0_comp.pdf

pdfTeX warning: /usr/bin/pdflatex (file ./fig/purity_k0_comp.pdf): PDF inclusio
n: multiple pdfs with page group included in a single page
>] [18 <./fig/map_comp.pdf> <./fig/map_k0_comp.pdf

pdfTeX warning: /usr/bin/pdflatex (file ./fig/map_k0_comp.pdf): PDF inclusion: 
multiple pdfs with page group included in a single page
> <./fig/rprec_comp.pdf

pdfTeX warning: /usr/bin/pdflatex (file ./fig/rprec_comp.pdf): PDF inclusion: m
ultiple pdfs with page group included in a single page
> <./fig/rprec_k0_comp.pdf

pdfTeX warning: /usr/bin/pdflatex (file ./fig/rprec_k0_comp.pdf): PDF inclusion
: multiple pdfs with page group included in a single page
> <./fig/bpref_comp.pdf

pdfTeX warning: /usr/bin/pdflatex (file ./fig/bpref_comp.pdf): PDF inclusion: m
ultiple pdfs with page group included in a single page
> <./fig/bpref_k0_comp.pdf

pdfTeX warning: /usr/bin/pdflatex (file ./fig/bpref_k0_comp.pdf): PDF inclusion
: multiple pdfs with page group included in a single page
>] [19] [20] (./template.aux)

LaTeX Warning: There were multiply-defined labels.

 ) 
Here is how much of TeX's memory you used:
 4692 strings out of 494977
 66674 string characters out of 6180183
 155518 words of memory out of 5000000
 7824 multiletter control sequences out of 15000+600000
 13896 words of font info for 52 fonts, out of 8000000 for 9000
 36 hyphenation exceptions out of 8191
 38i,26n,26p,1341b,477s stack positions out of 5000i,500n,10000p,200000b,80000s
</usr/share/texlive/texmf-dist/fonts/type1/public/amsfonts/cm/cmbsy10.pfb></u
sr/share/texlive/texmf-dist/fonts/type1/public/amsfonts/cm/cmbx10.pfb></usr/sha
re/texlive/texmf-dist/fonts/type1/public/amsfonts/cm/cmbx12.pfb></usr/share/tex
live/texmf-dist/fonts/type1/public/amsfonts/cm/cmbx8.pfb></usr/share/texlive/te
xmf-dist/fonts/type1/public/amsfonts/cm/cmex10.pfb></usr/share/texlive/texmf-di
st/fonts/type1/public/amsfonts/cmextra/cmex8.pfb></usr/share/texlive/texmf-dist
/fonts/type1/public/amsfonts/cm/cmmi10.pfb></usr/share/texlive/texmf-dist/fonts
/type1/public/amsfonts/cm/cmmi5.pfb></usr/share/texlive/texmf-dist/fonts/type1/
public/amsfonts/cm/cmmi6.pfb></usr/share/texlive/texmf-dist/fonts/type1/public/
amsfonts/cm/cmmi7.pfb></usr/share/texlive/texmf-dist/fonts/type1/public/amsfont
s/cm/cmmi8.pfb></usr/share/texlive/texmf-dist/fonts/type1/public/amsfonts/cm/cm
r10.pfb></usr/share/texlive/texmf-dist/fonts/type1/public/amsfonts/cm/cmr6.pfb>
</usr/share/texlive/texmf-dist/fonts/type1/public/amsfonts/cm/cmr7.pfb></usr/sh
are/texlive/texmf-dist/fonts/type1/public/amsfonts/cm/cmr8.pfb></usr/share/texl
ive/texmf-dist/fonts/type1/public/amsfonts/cm/cmsy10.pfb></usr/share/texlive/te
xmf-dist/fonts/type1/public/amsfonts/cm/cmsy5.pfb></usr/share/texlive/texmf-dis
t/fonts/type1/public/amsfonts/cm/cmsy6.pfb></usr/share/texlive/texmf-dist/fonts
/type1/public/amsfonts/cm/cmsy7.pfb></usr/share/texlive/texmf-dist/fonts/type1/
public/amsfonts/cm/cmsy8.pfb></usr/share/texlive/texmf-dist/fonts/type1/public/
amsfonts/cm/cmti10.pfb></usr/share/texlive/texmf-dist/fonts/type1/public/amsfon
ts/cm/cmti8.pfb></usr/share/texlive/texmf-dist/fonts/type1/public/amsfonts/cm/c
mtt8.pfb></usr/share/texlive/texmf-dist/fonts/type1/public/amsfonts/symbols/msb
m10.pfb>
Output written on template.pdf (20 pages, 643521 bytes).
PDF statistics:
 487 PDF objects out of 1000 (max. 8388607)
 328 compressed objects within 4 object streams
 0 named destinations out of 1000 (max. 500000)
 136 words of extra memory for PDF output out of 10000 (max. 10000000)

